[00:59:15] [main/INFO]: [bootstrap] Running Java 21 (OpenJDK 64-Bit Server VM 21.0.2+13-LTS; Amazon.com Inc. Corretto-21.0.2.13.1) on Windows 11 10.0 (amd64)
[00:59:15] [main/INFO]: [bootstrap] Loading Paper 1.21-130-master@b1b5d4c (2024-08-10T10:04:51Z) for Minecraft 1.21
[00:59:16] [main/INFO]: [PluginInitializerManager] Initializing plugins...
[00:59:17] [main/INFO]: [PluginInitializerManager] Initialized 1 plugin
[00:59:17] [main/INFO]: [PluginInitializerManager] Bukkit plugins (1):
 - EntityComponentSystem (1.0-SNAPSHOT)
[00:59:22] [main/INFO]: Environment: Environment[sessionHost=https://sessionserver.mojang.com, servicesHost=https://api.minecraftservices.com, name=PROD]
[00:59:24] [main/INFO]: Loaded 1290 recipes
[00:59:24] [main/INFO]: Loaded 1399 advancements
[00:59:24] [Server thread/INFO]: Starting minecraft server version 1.21
[00:59:24] [Server thread/INFO]: Loading properties
[00:59:24] [Server thread/INFO]: This server is running Paper version 1.21-130-master@b1b5d4c (2024-08-10T10:04:51Z) (Implementing API version 1.21-R0.1-SNAPSHOT)
[00:59:25] [Server thread/INFO]: [spark] This server bundles the spark profiler. For more information please visit https://docs.papermc.io/paper/profiling
[00:59:25] [Server thread/INFO]: Using 4 threads for Netty based IO
[00:59:25] [Server thread/INFO]: Server Ping Player Sample Count: 12
[00:59:26] [Server thread/INFO]: [ChunkTaskScheduler] Chunk system is using 1 I/O threads, 1 worker threads, and population gen parallelism of 1 threads
[00:59:26] [Server thread/INFO]: Default game type: SURVIVAL
[00:59:26] [Server thread/INFO]: Generating keypair
[00:59:26] [Server thread/INFO]: Starting Minecraft server on *:25565
[00:59:26] [Server thread/INFO]: Using default channel type
[00:59:26] [Server thread/INFO]: Paper: Using Java compression from Velocity.
[00:59:26] [Server thread/INFO]: Paper: Using Java cipher from Velocity.
[00:59:27] [Server thread/INFO]: [EntityComponentSystem] Loading server plugin EntityComponentSystem v1.0-SNAPSHOT
[00:59:27] [Server thread/INFO]: Server permissions file permissions.yml is empty, ignoring it
[00:59:27] [Server thread/INFO]: Preparing level "world"
[00:59:27] [Server thread/INFO]: Preparing start region for dimension minecraft:overworld
[00:59:28] [Server thread/INFO]: Time elapsed: 980 ms
[00:59:28] [Server thread/INFO]: Preparing start region for dimension minecraft:the_nether
[00:59:28] [Server thread/INFO]: Time elapsed: 119 ms
[00:59:28] [Server thread/INFO]: Preparing start region for dimension minecraft:the_end
[00:59:28] [Server thread/INFO]: Time elapsed: 89 ms
[00:59:28] [Server thread/INFO]: [EntityComponentSystem] Enabling EntityComponentSystem v1.0-SNAPSHOT
[00:59:28] [Server thread/INFO]: [spark] Starting background profiler...
[00:59:28] [Server thread/INFO]: [spark] The async-profiler engine is not supported for your os/arch (windows11/amd64), so the built-in Java engine will be used instead.
[00:59:29] [Server thread/INFO]: Done preparing level "world" (2.034s)
[00:59:29] [Server thread/INFO]: Running delayed init tasks
[00:59:29] [Server thread/INFO]: Done (14.252s)! For help, type "help"
[00:59:29] [Server thread/INFO]: Timings Reset
[00:59:32] [User Authenticator #0/INFO]: UUID of player wag0224 is b7e43439-4283-4c09-b577-7bac754939fd
[00:59:32] [Server thread/INFO]: wag0224 joined the game
[00:59:33] [Server thread/INFO]: wag0224[/127.0.0.1:62544] logged in with entity id 57 at ([world]0.5, 9.200000047683716, 0.5)
[00:59:39] [Server thread/INFO]: wag0224 issued server command: /tp 0 64 0
[00:59:39] [Server thread/INFO]: [wag0224: Teleported wag0224 to 0.500000, 64.000000, 0.500000]
[00:59:39] [Server thread/WARN]: wag0224 moved too quickly! 0.0,54.799999952316284,0.0
[02:40:51] [Server thread/INFO]: Stopping the server
[02:40:51] [Server thread/INFO]: Stopping server
[02:40:51] [Server thread/INFO]: [EntityComponentSystem] Disabling EntityComponentSystem v1.0-SNAPSHOT
[02:40:51] [Server thread/INFO]: Saving players
[02:40:51] [Server thread/INFO]: wag0224 lost connection: Server closed
[02:40:51] [Server thread/INFO]: wag0224 left the game
[02:40:51] [Server thread/INFO]: Saving worlds
[02:40:51] [Server thread/INFO]: Saving chunks for level 'ServerLevel[world]'/minecraft:overworld
[02:40:51] [Server thread/INFO]: [ChunkHolderManager] Waiting 60s for chunk system to halt for world 'world'
[02:40:51] [Server thread/INFO]: [ChunkHolderManager] Halted chunk system for world 'world'
[02:40:51] [Server thread/INFO]: [ChunkHolderManager] Saving all chunkholders for world 'world'
[02:40:52] [Server thread/INFO]: [ChunkHolderManager] Saved 1105 block chunks, 179 entity chunks, 0 poi chunks in world 'world' in 0.79s
[02:40:52] [Server thread/INFO]: Saving chunks for level 'ServerLevel[world_nether]'/minecraft:the_nether
[02:40:52] [Server thread/INFO]: [ChunkHolderManager] Waiting 60s for chunk system to halt for world 'world_nether'
[02:40:52] [Server thread/INFO]: [ChunkHolderManager] Halted chunk system for world 'world_nether'
[02:40:52] [Server thread/INFO]: [ChunkHolderManager] Saving all chunkholders for world 'world_nether'
[02:40:52] [Server thread/INFO]: [ChunkHolderManager] Saved 0 block chunks, 0 entity chunks, 0 poi chunks in world 'world_nether' in 0.00s
[02:40:52] [Server thread/INFO]: Saving chunks for level 'ServerLevel[world_the_end]'/minecraft:the_end
[02:40:52] [Server thread/INFO]: [ChunkHolderManager] Waiting 60s for chunk system to halt for world 'world_the_end'
[02:40:52] [Server thread/INFO]: [ChunkHolderManager] Halted chunk system for world 'world_the_end'
[02:40:52] [Server thread/INFO]: [ChunkHolderManager] Saving all chunkholders for world 'world_the_end'
[02:40:52] [Server thread/INFO]: [ChunkHolderManager] Saved 0 block chunks, 10 entity chunks, 0 poi chunks in world 'world_the_end' in 0.01s
[02:40:52] [Server thread/INFO]: ThreadedAnvilChunkStorage (world): All chunks are saved
[02:40:52] [Server thread/INFO]: ThreadedAnvilChunkStorage (DIM-1): All chunks are saved
[02:40:52] [Server thread/INFO]: ThreadedAnvilChunkStorage (DIM1): All chunks are saved
[02:40:52] [Server thread/INFO]: ThreadedAnvilChunkStorage: All dimensions are saved
